demohost TASKEND xx 0
demohost TASKEND xxx 0
demohost check
demohost TASKEND confdir 0
demohost TASKBEGIN defclass
demohost TASKEND defclass 0
gnomehost TASKBEGIN confdir
gnomehost TASKBEGIN defclass
gnomehost TASKEND defclass 1
demohost check
demohost TASKEND confdir 0
demohost TASKBEGIN setup
demohost TASKBEGIN defclass
myhost TASKBEGIN confdir 0
demohost TASKEND defclass 0
myhost TASKEND confdir 0
demohost TASKBEGIN partition
myhost TASKBEGIN defclass 0
demohost TASKEND partition 0
myhost TASKEND defclass 0
demohost TASKBEGIN extrbase
myhost TASKBEGIN partition 0
demohost TASKEND extrbase 3
myhost TASKEND partition 0
demohost TASKBEGIN debconf
verylongnamehosttest TASKBEGIN debconf 0
myhost TASKBEGIN extrbase 0
demohost TASKEND debconf 1
myhost TASKEND extrbase 0
gnomehost TASKBEGIN extrbase
myhost TASKBEGIN debconf 0
gnomehost TASKEND extrbase 3
myhost TASKEND debconf 0
myhost TASKBEGIN instsoft 0
gnomehost TASKBEGIN debconf
gnomehost TASKEND debconf 2
gnomehost TASKEND updatebase 0
myhost TASKEND instsoft 3
gnomehost HOOK instsoft.FAIBASE
demohost TASKBEGIN instsoft
demohost TASKEND instsoft 7
demohost TASKBEGIN configure
demohost TASKEND configure 8
demohost TASKBEGIN savelog
demohost TASKEND savelog 0
demohost TASKEND install 0
demohost TASKBEGIN faiend
demohost TASKEND install 0
gnomehost TASKBEGIN faiend
