P: Retrieving Release.gpg
P: Retrieving Release
P: Parsing Release
P: Retrieving Release
P: Retrieving Packages.gz
P: Validating Packages.gz
P: Parsing Packages
I: Can't find package libtasn1-2-bin for exclusion
P: Retrieving tzdata
P: Validating tzdata
P: Retrieving libc6
P: Validating libc6
P: Retrieving perl-base
P: Validating perl-base
P: Retrieving libpam-runtime
P: Validating libpam-runtime
P: Retrieving libpam0g
P: Validating libpam0g
P: Retrieving libsepol1
P: Validating libsepol1
P: Retrieving libselinux1
P: Validating libselinux1
P: Retrieving libcap1
P: Validating libcap1
P: Retrieving libdb4.3
P: Validating libdb4.3
P: Retrieving libpam-modules
P: Validating libpam-modules
P: Retrieving login
P: Validating login
P: Retrieving libattr1
P: Validating libattr1
P: Retrieving libacl1
P: Validating libacl1
P: Retrieving coreutils
P: Validating coreutils
P: Retrieving mktemp
P: Validating mktemp
P: Retrieving debianutils
P: Validating debianutils
P: Retrieving passwd
P: Validating passwd
P: Retrieving liblocale-gettext-perl
P: Validating liblocale-gettext-perl
P: Retrieving libtext-iconv-perl
P: Validating libtext-iconv-perl
P: Retrieving libtext-charwidth-perl
P: Validating libtext-charwidth-perl
P: Retrieving libtext-wrapi18n-perl
P: Validating libtext-wrapi18n-perl
P: Retrieving debconf-i18n
P: Validating debconf-i18n
P: Retrieving debconf
P: Validating debconf
P: Retrieving adduser
P: Validating adduser
P: Retrieving gcc-4.1-base
P: Validating gcc-4.1-base
P: Retrieving libgcc1
P: Validating libgcc1
P: Retrieving libstdc++6
P: Validating libstdc++6
P: Retrieving libbz2-1.0
P: Validating libbz2-1.0
P: Retrieving libgpg-error0
P: Validating libgpg-error0
P: Retrieving libgcrypt11
P: Validating libgcrypt11
P: Retrieving liblzo1
P: Validating liblzo1
P: Retrieving zlib1g
P: Validating zlib1g
P: Retrieving libopencdk8
P: Validating libopencdk8
P: Retrieving libtasn1-3
P: Validating libtasn1-3
P: Retrieving libgnutls13
P: Validating libgnutls13
P: Retrieving libdb4.2
P: Validating libdb4.2
P: Retrieving libsasl2-2
P: Validating libsasl2-2
P: Retrieving libsasl2
P: Validating libsasl2
P: Retrieving libldap2
P: Validating libldap2
P: Retrieving readline-common
P: Validating readline-common
P: Retrieving libncurses5
P: Validating libncurses5
P: Retrieving libreadline5
P: Validating libreadline5
P: Retrieving libusb-0.1-4
P: Validating libusb-0.1-4
P: Retrieving gpgv
P: Validating gpgv
P: Retrieving base-passwd
P: Validating base-passwd
P: Retrieving makedev
P: Validating makedev
P: Retrieving gnupg
P: Validating gnupg
P: Retrieving debian-archive-keyring
P: Validating debian-archive-keyring
P: Retrieving apt
P: Validating apt
P: Retrieving libdb4.4
P: Validating libdb4.4
P: Retrieving apt-utils
P: Validating apt-utils
P: Retrieving libncursesw5
P: Validating libncursesw5
P: Retrieving libsigc++-2.0-0c2a
P: Validating libsigc++-2.0-0c2a
P: Retrieving aptitude
P: Validating aptitude
P: Retrieving mawk
P: Validating mawk
P: Retrieving base-files
P: Validating base-files
P: Retrieving bash
P: Validating bash
P: Retrieving bsdutils
P: Validating bsdutils
P: Retrieving bsdmainutils
P: Validating bsdmainutils
P: Retrieving cpio
P: Validating cpio
P: Retrieving sed
P: Validating sed
P: Retrieving ncurses-bin
P: Validating ncurses-bin
P: Retrieving lsb-base
P: Validating lsb-base
P: Retrieving cron
P: Validating cron
P: Retrieving cyrus-sasl2-doc
P: Validating cyrus-sasl2-doc
P: Retrieving dhcp3-common
P: Validating dhcp3-common
P: Retrieving dhcp3-client
P: Validating dhcp3-client
P: Retrieving diff
P: Validating diff
P: Retrieving dmidecode
P: Validating dmidecode
P: Retrieving dpkg
P: Validating dpkg
P: Retrieving dselect
P: Validating dselect
P: Retrieving e2fslibs
P: Validating e2fslibs
P: Retrieving libdevmapper1.02
P: Validating libdevmapper1.02
P: Retrieving libblkid1
P: Validating libblkid1
P: Retrieving libcomerr2
P: Validating libcomerr2
P: Retrieving libss2
P: Validating libss2
P: Retrieving libuuid1
P: Validating libuuid1
P: Retrieving e2fsprogs
P: Validating e2fsprogs
P: Retrieving ed
P: Validating ed
P: Retrieving nano
P: Validating nano
P: Retrieving findutils
P: Validating findutils
P: Retrieving gettext-base
P: Validating gettext-base
P: Retrieving grep
P: Validating grep
P: Retrieving groff-base
P: Validating groff-base
P: Retrieving gzip
P: Validating gzip
P: Retrieving hostname
P: Validating hostname
P: Retrieving net-tools
P: Validating net-tools
P: Retrieving ifupdown
P: Validating ifupdown
P: Retrieving libwrap0
P: Validating libwrap0
P: Retrieving update-inetd
P: Validating update-inetd
P: Retrieving tcpd
P: Validating tcpd
P: Retrieving openbsd-inetd
P: Validating openbsd-inetd
P: Retrieving info
P: Validating info
P: Retrieving mount
P: Validating mount
P: Retrieving sysvinit-utils
P: Validating sysvinit-utils
P: Retrieving initscripts
P: Validating initscripts
P: Retrieving iptables
P: Validating iptables
P: Retrieving iputils-ping
P: Validating iputils-ping
P: Retrieving sysklogd
P: Validating sysklogd
P: Retrieving klogd
P: Validating klogd
P: Retrieving laptop-detect
P: Validating laptop-detect
P: Retrieving libconsole
P: Validating libconsole
P: Retrieving libgdbm3
P: Validating libgdbm3
P: Retrieving libssl0.9.8
P: Validating libssl0.9.8
P: Retrieving libldap-2.3-0
P: Validating libldap-2.3-0
P: Retrieving liblzo2-2
P: Validating liblzo2-2
P: Retrieving libslang2
P: Validating libslang2
P: Retrieving libnewt0.52
P: Validating libnewt0.52
P: Retrieving libpopt0
P: Validating libpopt0
P: Retrieving libsigc++-1.2-5c2
P: Validating libsigc++-1.2-5c2
P: Retrieving logrotate
P: Validating logrotate
P: Retrieving man-db
P: Validating man-db
P: Retrieving manpages
P: Validating manpages
P: Retrieving module-init-tools
P: Validating module-init-tools
P: Retrieving sysv-rc
P: Validating sysv-rc
P: Retrieving sysvinit
P: Validating sysvinit
P: Retrieving modutils
P: Validating modutils
P: Retrieving ncurses-base
P: Validating ncurses-base
P: Retrieving netbase
P: Validating netbase
P: Retrieving netcat
P: Validating netcat
P: Retrieving procps
P: Validating procps
P: Retrieving tar
P: Validating tar
P: Retrieving tasksel-data
P: Validating tasksel-data
P: Retrieving tasksel
P: Validating tasksel
P: Retrieving traceroute
P: Validating traceroute
P: Retrieving util-linux
P: Validating util-linux
P: Retrieving vim-common
P: Validating vim-common
P: Retrieving vim-tiny
P: Validating vim-tiny
P: Retrieving wget
P: Validating wget
P: Retrieving whiptail
P: Validating whiptail
P: Extracting tzdata
P: Extracting libc6
P: Extracting perl-base
P: Extracting libpam-runtime
P: Extracting libpam0g
P: Extracting libsepol1
P: Extracting libselinux1
P: Extracting libcap1
P: Extracting libdb4.3
P: Extracting libpam-modules
P: Extracting login
P: Extracting libattr1
P: Extracting libacl1
P: Extracting coreutils
P: Extracting mktemp
P: Extracting debianutils
P: Extracting passwd
P: Extracting liblocale-gettext-perl
P: Extracting libtext-iconv-perl
P: Extracting libtext-charwidth-perl
P: Extracting libtext-wrapi18n-perl
P: Extracting debconf
P: Extracting debconf-i18n
P: Extracting gcc-4.1-base
P: Extracting libgcc1
P: Extracting libstdc++6
P: Extracting zlib1g
P: Extracting libncurses5
P: Extracting base-passwd
P: Extracting makedev
P: Extracting mawk
P: Extracting base-files
P: Extracting bash
P: Extracting bsdutils
P: Extracting sed
P: Extracting ncurses-bin
P: Extracting lsb-base
P: Extracting diff
P: Extracting dpkg
P: Extracting dselect
P: Extracting e2fslibs
P: Extracting libdevmapper1.02
P: Extracting libblkid1
P: Extracting libcomerr2
P: Extracting libss2
P: Extracting libuuid1
P: Extracting e2fsprogs
P: Extracting findutils
P: Extracting grep
P: Extracting gzip
P: Extracting hostname
P: Extracting mount
P: Extracting sysvinit-utils
P: Extracting initscripts
P: Extracting libslang2
P: Extracting sysv-rc
P: Extracting sysvinit
P: Extracting ncurses-base
P: Extracting procps
P: Extracting tar
P: Extracting util-linux
P: Unpacking package base-passwd
P: Configuring package base-passwd
P: Configuring helper cdebootstrap-helper-diverts
P: Configuring helper cdebootstrap-helper-makedev
P: Unpacking package dpkg
P: Configuring package dpkg
P: Unpacking package tzdata
P: Unpacking package libc6
P: Unpacking package perl-base
P: Unpacking package libpam-runtime
P: Unpacking package libpam0g
P: Unpacking package libsepol1
P: Unpacking package libselinux1
P: Unpacking package libcap1
P: Unpacking package libdb4.3
P: Unpacking package libpam-modules
P: Unpacking package login
P: Unpacking package libattr1
P: Unpacking package libacl1
P: Unpacking package coreutils
P: Unpacking package mktemp
P: Unpacking package debianutils
P: Unpacking package passwd
P: Unpacking package liblocale-gettext-perl
P: Unpacking package libtext-iconv-perl
P: Unpacking package libtext-charwidth-perl
P: Unpacking package libtext-wrapi18n-perl
P: Unpacking package debconf
P: Unpacking package debconf-i18n
P: Unpacking package gcc-4.1-base
P: Unpacking package libgcc1
P: Unpacking package libstdc++6
P: Unpacking package zlib1g
P: Unpacking package libncurses5
P: Unpacking package makedev
P: Unpacking package mawk
P: Unpacking package base-files
P: Unpacking package bash
P: Unpacking package bsdutils
P: Unpacking package sed
P: Unpacking package ncurses-bin
P: Unpacking package lsb-base
P: Unpacking package diff
P: Unpacking package dselect
P: Unpacking package e2fslibs
P: Unpacking package libdevmapper1.02
P: Unpacking package libblkid1
P: Unpacking package libcomerr2
P: Unpacking package libss2
P: Unpacking package libuuid1
P: Unpacking package e2fsprogs
P: Unpacking package findutils
P: Unpacking package grep
P: Unpacking package gzip
P: Unpacking package hostname
P: Unpacking package mount
P: Unpacking package sysvinit-utils
P: Unpacking package initscripts
P: Unpacking package libslang2
P: Unpacking package sysv-rc
P: Unpacking package sysvinit
P: Unpacking package ncurses-base
P: Unpacking package procps
P: Unpacking package tar
P: Unpacking package util-linux
P: Configuring package makedev
P: Configuring package sysv-rc
P: Configuring package tzdata
P: Configuring package gcc-4.1-base
P: Configuring package libpam-runtime
P: Configuring package libc6
P: Configuring package libcap1
P: Configuring package mktemp
P: Configuring package libuuid1
P: Configuring package libpam0g
P: Configuring package bsdutils
P: Configuring package perl-base
P: Configuring package libsepol1
P: Configuring package tar
P: Configuring package zlib1g
P: Configuring package libgcc1
P: Configuring package libtext-iconv-perl
P: Configuring package libncurses5
P: Configuring package libattr1
P: Configuring package sed
P: Configuring package e2fslibs
P: Configuring package libcomerr2
P: Configuring package mawk
P: Configuring package libdb4.3
P: Configuring package grep
P: Configuring package hostname
P: Configuring package libacl1
P: Configuring package libslang2
P: Configuring package libss2
P: Configuring package findutils
P: Configuring package liblocale-gettext-perl
P: Configuring package diff
P: Configuring package libselinux1
P: Configuring package libstdc++6
P: Configuring package libdevmapper1.02
P: Configuring package libtext-charwidth-perl
P: Configuring package libtext-wrapi18n-perl
P: Configuring package coreutils
P: Configuring package debianutils
P: Configuring package ncurses-base
P: Configuring package ncurses-bin
P: Configuring package libpam-modules
P: Configuring package base-files
P: Configuring package libblkid1
P: Configuring package e2fsprogs
P: Configuring package gzip
P: Configuring package dselect
P: Configuring package sysvinit-utils
P: Configuring package bash
P: Configuring package login
P: Configuring package lsb-base
P: Configuring package procps
P: Configuring package mount
P: Configuring package passwd
P: Configuring package initscripts
P: Configuring package util-linux
P: Configuring package sysvinit
P: Configuring package debconf-i18n
P: Configuring package debconf
P: Unpacking package libbz2-1.0
P: Unpacking package libgpg-error0
P: Unpacking package libgcrypt11
P: Unpacking package liblzo1
P: Unpacking package libopencdk8
P: Unpacking package libtasn1-3
P: Unpacking package libgnutls13
P: Unpacking package libdb4.2
P: Unpacking package libsasl2-2
P: Unpacking package libsasl2
P: Unpacking package libldap2
P: Unpacking package readline-common
P: Unpacking package libreadline5
P: Unpacking package libusb-0.1-4
P: Unpacking package gpgv
P: Unpacking package gnupg
P: Unpacking package debian-archive-keyring
P: Unpacking package apt
P: Configuring package libbz2-1.0
P: Configuring package libgpg-error0
P: Configuring package libgcrypt11
P: Configuring package liblzo1
P: Configuring package libopencdk8
P: Configuring package libtasn1-3
P: Configuring package libgnutls13
P: Configuring package libdb4.2
P: Configuring package libsasl2-2
P: Configuring package libsasl2
P: Configuring package libldap2
P: Configuring package readline-common
P: Configuring package libreadline5
P: Configuring package libusb-0.1-4
P: Configuring package gpgv
P: Configuring package gnupg
P: Configuring package debian-archive-keyring
P: Configuring package apt
P: Configuring helper cdebootstrap-helper-apt
P: Unpacking package adduser
P: Unpacking package libdb4.4
P: Unpacking package apt-utils
P: Unpacking package libncursesw5
P: Unpacking package libsigc++-2.0-0c2a
P: Unpacking package aptitude
P: Unpacking package bsdmainutils
P: Unpacking package cpio
P: Unpacking package cron
P: Unpacking package cyrus-sasl2-doc
P: Unpacking package dhcp3-common
P: Unpacking package dhcp3-client
P: Unpacking package dmidecode
P: Unpacking package ed
P: Unpacking package gettext-base
P: Unpacking package groff-base
P: Unpacking package net-tools
P: Unpacking package ifupdown
P: Unpacking package info
P: Unpacking package iptables
P: Unpacking package iputils-ping
P: Unpacking package sysklogd
P: Unpacking package klogd
P: Unpacking package laptop-detect
P: Unpacking package libconsole
P: Unpacking package libgdbm3
P: Unpacking package libssl0.9.8
P: Unpacking package libldap-2.3-0
P: Unpacking package liblzo2-2
P: Unpacking package libnewt0.52
P: Unpacking package libpopt0
P: Unpacking package libsigc++-1.2-5c2
P: Unpacking package libwrap0
P: Unpacking package logrotate
P: Unpacking package man-db
P: Unpacking package manpages
P: Unpacking package module-init-tools
P: Unpacking package modutils
P: Unpacking package nano
P: Unpacking package update-inetd
P: Unpacking package tcpd
P: Unpacking package openbsd-inetd
P: Unpacking package netbase
P: Unpacking package netcat
P: Unpacking package tasksel-data
P: Unpacking package tasksel
P: Unpacking package traceroute
P: Unpacking package vim-common
P: Unpacking package vim-tiny
P: Unpacking package wget
P: Unpacking package whiptail
P: Configuring package adduser
P: Configuring package libdb4.4
P: Configuring package apt-utils
P: Configuring package libncursesw5
P: Configuring package libsigc++-2.0-0c2a
P: Configuring package aptitude
P: Configuring package bsdmainutils
P: Configuring package cpio
P: Configuring package cron
P: Configuring package cyrus-sasl2-doc
P: Configuring package dhcp3-common
P: Configuring package dhcp3-client
P: Configuring package dmidecode
P: Configuring package ed
P: Configuring package gettext-base
P: Configuring package groff-base
P: Configuring package net-tools
P: Configuring package ifupdown
P: Configuring package info
P: Configuring package iptables
P: Configuring package iputils-ping
P: Configuring package laptop-detect
P: Configuring package libconsole
P: Configuring package libgdbm3
P: Configuring package libssl0.9.8
P: Configuring package libldap-2.3-0
P: Configuring package liblzo2-2
P: Configuring package libnewt0.52
P: Configuring package libpopt0
P: Configuring package libsigc++-1.2-5c2
P: Configuring package libwrap0
P: Configuring package logrotate
P: Configuring package man-db
P: Configuring package manpages
P: Configuring package module-init-tools
P: Configuring package modutils
P: Configuring package nano
P: Configuring package update-inetd
P: Configuring package tcpd
P: Configuring package openbsd-inetd
P: Configuring package netbase
P: Configuring package netcat
P: Configuring package traceroute
P: Configuring package vim-common
P: Configuring package vim-tiny
P: Configuring package wget
P: Configuring package whiptail
P: Configuring package klogd
P: Configuring package sysklogd
P: Configuring package tasksel-data
P: Configuring package tasksel
P: Deconfiguring helper cdebootstrap-helper-apt
P: Deconfiguring helper cdebootstrap-helper-diverts
P: Deconfiguring helper cdebootstrap-helper-makedev
P: Writing apt sources.list
dpkg - warning: ignoring request to remove cdebootstrap-helper-diverts which isn't installed.
Get:1 http://127.0.0.1 etch Release.gpg [378B]
Get:2 http://127.0.0.1 etch/updates Release.gpg [189B]
Get:3 http://127.0.0.1 etch Release [74.4kB]
Get:4 http://127.0.0.1 etch/updates Release [24.3kB]
Get:5 http://127.0.0.1 etch/main Packages [5675kB]
Get:6 http://127.0.0.1 etch/updates/main Packages [6288B]
Fetched 5780kB in 2s (2565kB/s)
Reading package lists...
Reading package lists...
Building dependency tree...
aptitude is already the newest version.
0 upgraded, 0 newly installed, 0 to remove and 0 not upgraded.
Reading package lists...
Building dependency tree...
Initializing package states...
Reading task descriptions...
Building tag database...
No packages will be installed, upgraded, or removed.
0 packages upgraded, 0 newly installed, 0 to remove and 0 not upgraded.
Need to get 0B of archives. After unpacking 0B will be used.
Writing extended state information...
Get:1 http://127.0.0.1 etch Release.gpg [378B]
Get:2 http://127.0.0.1 etch/updates Release.gpg [189B]
Hit http://127.0.0.1 etch Release
Hit http://127.0.0.1 etch/updates Release
Ign http://127.0.0.1 etch/main Packages/DiffIndex
Ign http://127.0.0.1 etch/updates/main Packages/DiffIndex
Hit http://127.0.0.1 etch/main Packages
Hit http://127.0.0.1 etch/updates/main Packages
Fetched 567B in 0s (836B/s)
Reading package lists...
Reading package lists...
Building dependency tree...
Reading extended state information...
Initializing package states...
Reading task descriptions...
Building tag database...
The following NEW packages will be automatically installed:
  busybox initramfs-tools klibc-utils libklibc libvolume-id0 
  linux-image-2.6.18-3-486 squashfs-modules-2.6.18-3-486 sudo udev 
  unionfs-modules-2.6.18-3-486 user-setup 
The following NEW packages will be installed:
  busybox casper initramfs-tools klibc-utils libklibc libvolume-id0 
  linux-image-2.6-486 linux-image-2.6.18-3-486 squashfs-modules-2.6-486 
  squashfs-modules-2.6.18-3-486 sudo udev unionfs-modules-2.6-486 
  unionfs-modules-2.6.18-3-486 user-setup 
The following packages are RECOMMENDED but will NOT be installed:
  live-package 
0 packages upgraded, 15 newly installed, 0 to remove and 0 not upgraded.
Need to get 17.8MB of archives. After unpacking 55.1MB will be used.
Writing extended state information...
Get:1 http://127.0.0.1 etch/main libklibc 1.4.30-1 [42.6kB]
Get:2 http://127.0.0.1 etch/main klibc-utils 1.4.30-1 [143kB]
Get:3 http://127.0.0.1 etch/main busybox 1:1.1.3-3 [286kB]
Get:4 http://127.0.0.1 etch/main libvolume-id0 0.103-1 [60.8kB]
Get:5 http://127.0.0.1 etch/main udev 0.103-1 [274kB]
Get:6 http://127.0.0.1 etch/main initramfs-tools 0.85c [61.8kB]
Get:7 http://127.0.0.1 etch/main linux-image-2.6.18-3-486 2.6.18-7 [16.6MB]
Get:8 http://127.0.0.1 etch/main user-setup 1.7 [111kB]
Get:9 http://127.0.0.1 etch/main sudo 1.6.8p12-4 [162kB]
Get:10 http://127.0.0.1 etch/main casper 1.77+debian-6 [49.0kB]
Get:11 http://127.0.0.1 etch/main linux-image-2.6-486 2.6.18+5 [1974B]
Get:12 http://127.0.0.1 etch/main squashfs-modules-2.6.18-3-486 2.6.18+3.1r2-4 [18.6kB]
Get:13 http://127.0.0.1 etch/main squashfs-modules-2.6-486 2:2.6.18-4 [2236B]
Get:14 http://127.0.0.1 etch/main unionfs-modules-2.6.18-3-486 2.6.18+1.4+debian-4 [34.6kB]
Get:15 http://127.0.0.1 etch/main unionfs-modules-2.6-486 2:2.6.18-4 [2096B]
Preconfiguring packages ...
Fetched 17.8MB in 3s (5838kB/s)
Selecting previously deselected package libklibc.
(Reading database ... 7317 files and directories currently installed.)
Unpacking libklibc (from .../libklibc_1.4.30-1_i386.deb) ...
Selecting previously deselected package klibc-utils.
Unpacking klibc-utils (from .../klibc-utils_1.4.30-1_i386.deb) ...
Selecting previously deselected package busybox.
Unpacking busybox (from .../busybox_1%3a1.1.3-3_i386.deb) ...
Selecting previously deselected package libvolume-id0.
Unpacking libvolume-id0 (from .../libvolume-id0_0.103-1_i386.deb) ...
Selecting previously deselected package udev.
Unpacking udev (from .../archives/udev_0.103-1_i386.deb) ...
Selecting previously deselected package initramfs-tools.
Unpacking initramfs-tools (from .../initramfs-tools_0.85c_all.deb) ...
Selecting previously deselected package linux-image-2.6.18-3-486.
Unpacking linux-image-2.6.18-3-486 (from .../linux-image-2.6.18-3-486_2.6.18-7_i386.deb) ...
Done.
Selecting previously deselected package user-setup.
Unpacking user-setup (from .../user-setup_1.7_all.deb) ...
Selecting previously deselected package sudo.
Unpacking sudo (from .../sudo_1.6.8p12-4_i386.deb) ...
Selecting previously deselected package casper.
Unpacking casper (from .../casper_1.77+debian-6_i386.deb) ...
Selecting previously deselected package linux-image-2.6-486.
Unpacking linux-image-2.6-486 (from .../linux-image-2.6-486_2.6.18+5_i386.deb) ...
Selecting previously deselected package squashfs-modules-2.6.18-3-486.
Unpacking squashfs-modules-2.6.18-3-486 (from .../squashfs-modules-2.6.18-3-486_2.6.18+3.1r2-4_i386.deb) ...
Selecting previously deselected package squashfs-modules-2.6-486.
Unpacking squashfs-modules-2.6-486 (from .../squashfs-modules-2.6-486_2%3a2.6.18-4_i386.deb) ...
Selecting previously deselected package unionfs-modules-2.6.18-3-486.
Unpacking unionfs-modules-2.6.18-3-486 (from .../unionfs-modules-2.6.18-3-486_2.6.18+1.4+debian-4_i386.deb) ...
Selecting previously deselected package unionfs-modules-2.6-486.
Unpacking unionfs-modules-2.6-486 (from .../unionfs-modules-2.6-486_2%3a2.6.18-4_i386.deb) ...
Setting up libklibc (1.4.30-1) ...
Setting up klibc-utils (1.4.30-1) ...
Setting up busybox (1.1.3-3) ...
Setting up libvolume-id0 (0.103-1) ...

Setting up udev (0.103-1) ...
/sys/class/net/ is not available, persistent interface names not saved.
A chroot environment has been detected, udev not started.

Setting up initramfs-tools (0.85c) ...

Setting up linux-image-2.6.18-3-486 (2.6.18-7) ...

 Hmm. The package shipped with a symbolic link /lib/modules/2.6.18-3-486/source
 However, I can not read the target: No such file or directory
 Therefore, I am deleting /lib/modules/2.6.18-3-486/source

Running depmod.
Finding valid ramdisk creators.
Using mkinitramfs-kpkg to build the ramdisk.

Setting up user-setup (1.7) ...

Setting up sudo (1.6.8p12-4) ...
No /etc/sudoers found... creating one for you.

Setting up casper (1.77+debian-6) ...
update-initramfs: Generating /boot/initrd.img-2.6.18-3-486

Setting up linux-image-2.6-486 (2.6.18+5) ...
Setting up squashfs-modules-2.6.18-3-486 (2.6.18+3.1r2-4) ...

Setting up squashfs-modules-2.6-486 (2.6.18-4) ...
Setting up unionfs-modules-2.6.18-3-486 (2.6.18+1.4+debian-4) ...

Setting up unionfs-modules-2.6-486 (2.6.18-4) ...
Reading package lists...
Building dependency tree...
Reading extended state information...
Initializing package states...
Reading task descriptions...
Building tag database...
The following NEW packages will be automatically installed:
  console-data kbd 
The following NEW packages will be installed:
  console-common console-data eject kbd locales 
0 packages upgraded, 5 newly installed, 0 to remove and 0 not upgraded.
Need to get 5564kB of archives. After unpacking 15.4MB will be used.
Writing extended state information...
Get:1 http://127.0.0.1 etch/main console-data 2:1.01-2 [1087kB]
Get:2 http://127.0.0.1 etch/main kbd 1.12-17 [350kB]
Get:3 http://127.0.0.1 etch/main console-common 0.7.68 [131kB]
Get:4 http://127.0.0.1 etch/main locales 2.3.6.ds1-8 [3954kB]
Get:5 http://127.0.0.1 etch/main eject 2.1.4-2.1 [41.3kB]
Preconfiguring packages ...
Fetched 5564kB in 0s (9197kB/s)
Selecting previously deselected package console-data.
(Reading database ... 9821 files and directories currently installed.)
Unpacking console-data (from .../console-data_2%3a1.01-2_all.deb) ...
Selecting previously deselected package kbd.
Unpacking kbd (from .../archives/kbd_1.12-17_i386.deb) ...
Selecting previously deselected package console-common.
Unpacking console-common (from .../console-common_0.7.68_all.deb) ...
Selecting previously deselected package locales.
Unpacking locales (from .../locales_2.3.6.ds1-8_all.deb) ...
Selecting previously deselected package eject.
Unpacking eject (from .../eject_2.1.4-2.1_i386.deb) ...
Setting up console-data (1.01-2) ...
Looking for keymap to install:
NONE

Setting up locales (2.3.6.ds1-8) ...

Setting up eject (2.1.4-2.1) ...
Setting up console-common (0.7.68) ...
Looking for keymap to install:
NONE

Setting up kbd (1.12-17) ...

Reading package lists...
Building dependency tree...
Reading extended state information...
Initializing package states...
Reading task descriptions...
Building tag database...
The following NEW packages will be automatically installed:
  bc binutils cfengine2 dash debootstrap file libapt-pkg-perl libgpmg1 
  libmagic1 perl perl-modules vim-runtime 
The following NEW packages will be installed:
  apt-move bc binutils cfengine2 dash debootstrap fai-client fai-doc 
  fai-server file grub grub-doc hdparm less libapt-pkg-perl libgpmg1 
  libmagic1 partimage perl perl-modules vim vim-runtime 
The following packages are RECOMMENDED but will NOT be installed:
  bootp dhcp3-server fai-kernels nfs-kernel-server perl-doc rsh-server 
  syslinux tftpd tftpd-hpa 
0 packages upgraded, 22 newly installed, 0 to remove and 0 not upgraded.
Need to get 19.2MB of archives. After unpacking 69.6MB will be used.
Writing extended state information...
Get:1 http://127.0.0.1 etch/main dash 0.5.3-5 [84.1kB]
Get:2 http://127.0.0.1 etch/main bc 1.06-20 [66.2kB]
Get:3 http://127.0.0.1 etch/main binutils 2.17-3 [2605kB]
Get:4 http://127.0.0.1 etch/main libmagic1 4.17-4 [275kB]
Get:5 http://127.0.0.1 etch/main file 4.17-4 [31.4kB]
Get:6 http://127.0.0.1 etch/main less 394-4 [111kB]
Get:7 http://127.0.0.1 etch/main libgpmg1 1.19.6-23 [50.7kB]
Get:8 http://127.0.0.1 etch/main perl-modules 5.8.8-6.1 [2309kB]
Get:9 http://127.0.0.1 etch/main perl 5.8.8-6.1 [3567kB]
Get:10 http://127.0.0.1 etch/main apt-move 4.2.26-1 [49.7kB]
Get:11 http://127.0.0.1 etch/main cfengine2 2.1.20-1 [1046kB]
Get:12 http://127.0.0.1 etch/main grub 0.97-20 [374kB]
Get:13 http://127.0.0.1 etch/main grub-doc 0.97-20 [272kB]
Get:14 http://127.0.0.1 etch/main hdparm 6.9-1 [60.8kB]
Get:15 http://127.0.0.1 etch/main libapt-pkg-perl 0.1.20 [82.0kB]
Get:16 http://127.0.0.1 etch/main partimage 0.6.4-17 [285kB]
Get:17 http://127.0.0.1 etch/main vim-runtime 1:7.0-122+1 [6431kB]
Get:18 http://127.0.0.1 etch/main vim 1:7.0-122+1 [745kB]
Get:19 http://127.0.0.1 etch/main debootstrap 0.3.3.1 [43.8kB]
Get:20 http://127.0.0.1 etch/main fai-client 3.1.2 [98.5kB]
Get:21 http://127.0.0.1 etch/main fai-doc 3.1.2 [562kB]
Get:22 http://127.0.0.1 etch/main fai-server 3.1.2 [35.8kB]
Preconfiguring packages ...
Fetched 19.2MB in 2s (9347kB/s)
Selecting previously deselected package dash.
(Reading database ... 11168 files and directories currently installed.)
Unpacking dash (from .../archives/dash_0.5.3-5_i386.deb) ...
Selecting previously deselected package bc.
Unpacking bc (from .../archives/bc_1.06-20_i386.deb) ...
Selecting previously deselected package binutils.
Unpacking binutils (from .../binutils_2.17-3_i386.deb) ...
Selecting previously deselected package libmagic1.
Unpacking libmagic1 (from .../libmagic1_4.17-4_i386.deb) ...
Selecting previously deselected package file.
Unpacking file (from .../archives/file_4.17-4_i386.deb) ...
Selecting previously deselected package less.
Unpacking less (from .../archives/less_394-4_i386.deb) ...
Selecting previously deselected package libgpmg1.
Unpacking libgpmg1 (from .../libgpmg1_1.19.6-23_i386.deb) ...
Selecting previously deselected package perl-modules.
Unpacking perl-modules (from .../perl-modules_5.8.8-6.1_all.deb) ...
Selecting previously deselected package perl.
Unpacking perl (from .../perl_5.8.8-6.1_i386.deb) ...
Selecting previously deselected package apt-move.
Unpacking apt-move (from .../apt-move_4.2.26-1_i386.deb) ...
Selecting previously deselected package cfengine2.
Unpacking cfengine2 (from .../cfengine2_2.1.20-1_i386.deb) ...
Selecting previously deselected package grub.
Unpacking grub (from .../archives/grub_0.97-20_i386.deb) ...
Selecting previously deselected package grub-doc.
Unpacking grub-doc (from .../grub-doc_0.97-20_all.deb) ...
Selecting previously deselected package hdparm.
Unpacking hdparm (from .../archives/hdparm_6.9-1_i386.deb) ...
Selecting previously deselected package libapt-pkg-perl.
Unpacking libapt-pkg-perl (from .../libapt-pkg-perl_0.1.20_i386.deb) ...
Selecting previously deselected package partimage.
Unpacking partimage (from .../partimage_0.6.4-17_i386.deb) ...
Selecting previously deselected package vim-runtime.
Unpacking vim-runtime (from .../vim-runtime_1%3a7.0-122+1_all.deb) ...
Selecting previously deselected package vim.
Unpacking vim (from .../vim_1%3a7.0-122+1_i386.deb) ...
Selecting previously deselected package debootstrap.
Unpacking debootstrap (from .../debootstrap_0.3.3.1_all.deb) ...
Selecting previously deselected package fai-client.
Unpacking fai-client (from .../fai-client_3.1.2_all.deb) ...
Selecting previously deselected package fai-doc.
Unpacking fai-doc (from .../archives/fai-doc_3.1.2_all.deb) ...
Selecting previously deselected package fai-server.
Unpacking fai-server (from .../fai-server_3.1.2_all.deb) ...
Setting up dash (0.5.3-5) ...

Setting up bc (1.06-20) ...

Setting up binutils (2.17-3) ...

Setting up libmagic1 (4.17-4) ...

Setting up file (4.17-4) ...
Setting up less (394-4) ...

Setting up libgpmg1 (1.19.6-23) ...

Setting up apt-move (4.2.26-1) ...
Setting up grub (0.97-20) ...
Setting up grub-doc (0.97-20) ...

Setting up hdparm (6.9-1) ...

Setting up libapt-pkg-perl (0.1.20) ...
Setting up partimage (0.6.4-17) ...
Setting up vim-runtime (7.0-122+1) ...
Setting up vim (7.0-122+1) ...

Setting up debootstrap (0.3.3.1) ...
Setting up fai-doc (3.1.2) ...

Setting up perl-modules (5.8.8-6.1) ...
Setting up perl (5.8.8-6.1) ...

Setting up cfengine2 (2.1.20-1) ...
Making a key pair for cfengine, please wait, this could take a minute...
Writing private key to /var/lib/cfengine2/ppkeys/localhost.priv
Writing public key to /var/lib/cfengine2/ppkeys/localhost.pub

Setting up fai-client (3.1.2) ...
Setting up fai-server (3.1.2) ...
You might want to edit fai.conf and make-fai-nfsroot.conf in /etc/fai or
go with the defaults. You should edit /etc/fai/apt/sources.list
for faster access to a package repository.

30461 blocks
mkdir: cannot create directory `/etc/fai': File exists
Making a key pair for cfengine, please wait, this could take a minute...
Writing private key to /var/lib/cfengine2/ppkeys/localhost.priv
Writing public key to /var/lib/cfengine2/ppkeys/localhost.pub
WARNING: These unknown packages are removed from the installation list: hwtools
install_packages: read config file /etc/fai/NFSROOT
install_packages: executing chroot /srv/fai/nfsroot apt-get clean
WARNING: These unknown packages are removed from the installation list: hwtools
install_packages: executing chroot /srv/fai/nfsroot apt-get -y -o Dpkg::Options::="--force-confdef" -o Dpkg::Options::="--force-confold" --fix-missing install fai-nfsroot module-init-tools dhcp3-client ssh rdate lshw hwinfo portmap bootpc rsync lftp rsh-client less dump reiserfsprogs usbutils psmisc pciutils hdparm smartmontools parted mdadm lvm2 dnsutils ntpdate dosfstools cvs jove xfsprogs xfsdump sysutils dialog discover mdetect libnet-perl console-tools console-common expect iproute udev subversion grub lilo read-edid
Extracting templates from packages: 37%Extracting templates from packages: 75%Extracting templates from packages: 100%
Looking for keymap to install:
NONE
Looking for keymap to install:
NONE
Backing up any LVM2 metadata that may exist...done.
/sys/class/net/ is not available, persistent interface names not saved.
Checking available versions of rmt, updating links in /etc/alternatives ...
(You may modify the symlinks there yourself if desired - see `man ln'.)
Updating rmt (/usr/sbin/rmt) to point to /usr/sbin/rmt-dump.
Updating rmt.8.gz (/usr/share/man/man8/rmt.8.gz) to point to /usr/share/man/man8/rmt-dump.8.gz.
W: mdadm: failed to load MD subsystem.
Generating array device nodes... done.
Generating mdadm.conf... done (failed to scan arrays; /proc probably not mounted).
Creating SSH2 RSA key; this may take some time ...
Creating SSH2 DSA key; this may take some time ...
install_packages: executing chroot /srv/fai/nfsroot apt-get clean
install_packages: executing chroot /srv/fai/nfsroot dpkg --configure --pending
install_packages: executing chroot /srv/fai/nfsroot dpkg -C
install_packages: executing chroot /srv/fai/nfsroot apt-get clean
install_packages: read config file /srv/fai/config/package_config/live
install_packages: read config file /srv/fai/config/package_config/DEFAULT
install_packages: read config file /srv/fai/config/package_config/DEMO
install_packages: read config file /srv/fai/config/package_config/FAIBASE
install_packages: read config file /srv/fai/config/package_config/FAISERVER
install_packages: read config file /srv/fai/config/package_config/FAISERVER-CD
install_packages: read config file /srv/fai/config/package_config/LDAPSERVER
install_packages: read config file /srv/fai/config/package_config/LDAPCLIENT
install_packages: read config file /srv/fai/config/package_config/XORG
install_packages: read config file /srv/fai/config/package_config/GNOME
install_packages: read config file /srv/fai/config/package_config/DEMO
install_packages: read config file /srv/fai/config/package_config/GERMAN
install_packages: executing  aptitude -R -d         -o Aptitude::Log=/dev/null       -o DPkg::force-conflicts::=yes       -o Dir::State::status=/media/mirror/aptcache/statefile       -o Dir::Cache=/media/mirror/aptcache/var/cache/apt       -o Dir::State=/media/mirror/aptcache/var/cache/apt       -o Dir::Cache::Archives=/media/mirror/aptcache/var/cache/apt/archives       -o Dir::Etc::sourcelist=/media/mirror/aptcache/etc/apt/sources.list       -o Dir::State::Lists=/media/mirror/aptcache/var/lib/apt/lists/ -y install  memtest86+ dhcp3-client grub linux-image-486 cfengine2 cron debconf-utils discover file hdparm hwtools jove less linuxlogo nfs-common nscd rdate rsync rsh-client openssh-client openssh-server strace sysutils tcsh time exim4 eject locales console-common partimage xorg ttf-freefont type1inst xscreensaver cupsys-client usplash debian-edu-artwork-usplash gnome-desktop-environment firefox firefox-gnome-support thunderbird thunderbird-gnome-support menu gdm gnumeric gnome-apt abiword-gnome fortune-mod fortunes rstat-client rstatd rusers rusersd bb frozen-bubble firefox-locale-de thunderbird-locale-de
install_packages: executing  true
install_packages: executing  aptitude -r -d         -o Aptitude::Log=/dev/null       -o DPkg::force-conflicts::=yes       -o Dir::State::status=/media/mirror/aptcache/statefile       -o Dir::Cache=/media/mirror/aptcache/var/cache/apt       -o Dir::State=/media/mirror/aptcache/var/cache/apt       -o Dir::Cache::Archives=/media/mirror/aptcache/var/cache/apt/archives       -o Dir::Etc::sourcelist=/media/mirror/aptcache/etc/apt/sources.list       -o Dir::State::Lists=/media/mirror/aptcache/var/lib/apt/lists/ -y install  fai-kernels fai-quickstart dhcp3-server dhcp3-client tftpd-hpa rsh-server wget syslinux debmirror tcpdump apache2 apt-move mkisofs grub apt-proxy lftp mknbi mkinitrd-cd fai-kernels fai-quickstart fai-server fai-client fai-doc dhcp3-server dhcp3-client tftpd-hpa rsh-server wget syslinux debmirror tcpdump apache2 apt-move mkisofs grub lftp mediawiki pxe tftpd-hpa links smbclient samba cupsys cupsys-bsd cupsys-client grub-splashimages mknbi live-package linux-image-2.6.17-2-486 autofs-ldap courier-ldap ldap-account-manager ldap-utils libldap2 libnet-ldap-perl migrationtools libnss-ldap libpam-ldap php5-ldap php5-gd php5-imap php5-snmp php5-mcrypt php5-recode php5-mhash php5-uuid slapd smbldap-tools php5-imagick sasl2-bin mcrypt nmap ldap-utils libldap-2.2-7 libldap2 libnss-ldap libpam-ldap german
WARNING: These unknown packages are removed from the installation list: hwtools libtasn1-2
install_packages: executing  apt-get  -d         -o Aptitude::Log=/dev/null       -o DPkg::force-conflicts::=yes       -o Dir::State::status=/media/mirror/aptcache/statefile       -o Dir::Cache=/media/mirror/aptcache/var/cache/apt       -o Dir::State=/media/mirror/aptcache/var/cache/apt       -o Dir::Cache::Archives=/media/mirror/aptcache/var/cache/apt/archives       -o Dir::Etc::sourcelist=/media/mirror/aptcache/etc/apt/sources.list       -o Dir::State::Lists=/media/mirror/aptcache/var/lib/apt/lists/ -y --fix-missing install adduser apt apt-utils aptitude base-files base-passwd bash bsdmainutils bsdutils coreutils cpio cron debconf debconf-i18n debianutils diff dmidecode dpkg dselect e2fslibs e2fsprogs ed findutils gcc-4.1-base gettext-base gnupg grep groff-base gzip hostname ifupdown initscripts iptables iputils-ping klogd laptop-detect libacl1 libattr1 libblkid1 libbz2-1.0 libc6 libcap1 libcomerr2 libconsole libdb4.2 libdb4.3 libdb4.4 libdevmapper1.02 libgcc1 libgcrypt11 libgdbm3 libgnutls13 libgpg-error0 libldap-2.3-0 libldap2 liblocale-gettext-perl liblzo1 liblzo2-2 libncurses5 libncursesw5 libnewt0.52 libopencdk8 libpam-modules libpam-runtime libpam0g libpopt0 libreadline5 libsasl2 libselinux1 libsepol1 libsigc++-1.2-5c2 libsigc++-2.0-0c2a libslang2 libss2 libssl0.9.8 libstdc++6 libtasn1-3 libtasn1-3-bin libtext-charwidth-perl libtext-iconv-perl libtext-wrapi18n-perl libusb-0.1-4 libuuid1 libwrap0 login logrotate lsb-base makedev man-db manpages mawk mktemp modutils mount nano ncurses-base ncurses-bin net-tools netbase
install_packages: executing  true
install_packages: executing  apt-get  -d         -o Aptitude::Log=/dev/null       -o DPkg::force-conflicts::=yes       -o Dir::State::status=/media/mirror/aptcache/statefile       -o Dir::Cache=/media/mirror/aptcache/var/cache/apt       -o Dir::State=/media/mirror/aptcache/var/cache/apt       -o Dir::Cache::Archives=/media/mirror/aptcache/var/cache/apt/archives       -o Dir::Etc::sourcelist=/media/mirror/aptcache/etc/apt/sources.list       -o Dir::State::Lists=/media/mirror/aptcache/var/lib/apt/lists/ -y --fix-missing install netcat openbsd-inetd passwd perl-base procps readline-common sed sysklogd sysv-rc sysvinit tar tasksel tasksel-data tcpd traceroute tzdata util-linux vim-common vim-tiny wget whiptail zlib1g module-init-tools dhcp3-client ssh rdate lshw hwinfo portmap bootpc rsync lftp rsh-client less dump reiserfsprogs usbutils psmisc pciutils hdparm smartmontools parted mdadm lvm2 dnsutils ntpdate dosfstools cvs jove xfsprogs xfsdump sysutils dialog discover mdetect libnet-perl console-tools console-common expect iproute udev subversion read-edid debian-archive-keyring grub live-package
install_packages: executing  true
install_packages: executing  true
install_packages: executing  true
install_packages: executing  true
find: Cannot read mounted filesystem list
find: Cannot read mounted filesystem list
find: /proc/1/task: Permission denied
find: /proc/1/fd: Permission denied
find: /proc/2/task: Permission denied
find: /proc/2/fd: Permission denied
find: /proc/3/task: Permission denied
find: /proc/3/fd: Permission denied
find: /proc/4/task: Permission denied
find: /proc/4/fd: Permission denied
find: /proc/5/task: Permission denied
find: /proc/5/fd: Permission denied
find: /proc/6/task: Permission denied
find: /proc/6/fd: Permission denied
find: /proc/8/task: Permission denied
find: /proc/8/fd: Permission denied
find: /proc/9/task: Permission denied
find: /proc/9/fd: Permission denied
find: /proc/139/task: Permission denied
find: /proc/139/fd: Permission denied
find: /proc/138/task: Permission denied
find: /proc/138/fd: Permission denied
find: /proc/729/task: Permission denied
find: /proc/729/fd: Permission denied
find: /proc/1542/task: Permission denied
find: /proc/1542/fd: Permission denied
find: /proc/1558/task: Permission denied
find: /proc/1558/fd: Permission denied
find: /proc/1645/task: Permission denied
find: /proc/1645/fd: Permission denied
find: /proc/1655/task: Permission denied
find: /proc/1655/fd: Permission denied
find: /proc/1894/task: Permission denied
find: /proc/1894/fd: Permission denied
find: /proc/2072/task: Permission denied
find: /proc/2072/fd: Permission denied
find: /proc/3774/task: Permission denied
find: /proc/3774/fd: Permission denied
find: /proc/3814/task: Permission denied
find: /proc/3814/fd: Permission denied
find: /proc/3833/task: Permission denied
find: /proc/3833/fd: Permission denied
find: /proc/4279/task: Permission denied
find: /proc/4279/fd: Permission denied
find: /proc/4881/task: Permission denied
find: /proc/4881/fd: Permission denied
find: /proc/5249/task: Permission denied
find: /proc/5249/fd: Permission denied
find: /proc/5266/task: Permission denied
find: /proc/5266/fd: Permission denied
find: /proc/5368/task: Permission denied
find: /proc/5368/fd: Permission denied
find: /proc/5383/task: Permission denied
find: /proc/5383/fd: Permission denied
find: /proc/5402/task: Permission denied
find: /proc/5402/fd: Permission denied
find: /proc/5416/task: Permission denied
find: /proc/5416/fd: Permission denied
find: /proc/5417/task: Permission denied
find: /proc/5417/fd: Permission denied
find: /proc/5423/task: Permission denied
find: /proc/5423/fd: Permission denied
find: /proc/5424/task: Permission denied
find: /proc/5424/fd: Permission denied
find: /proc/5430/task: Permission denied
find: /proc/5430/fd: Permission denied
find: /proc/5462/task: Permission denied
find: /proc/5462/fd: Permission denied
find: /proc/5521/task: Permission denied
find: /proc/5521/fd: Permission denied
find: /proc/5551/task: Permission denied
find: /proc/5551/fd: Permission denied
find: /proc/5589/task: Permission denied
find: /proc/5589/fd: Permission denied
find: /proc/5626/task: Permission denied
find: /proc/5626/fd: Permission denied
find: /proc/5627/task: Permission denied
find: /proc/5627/fd: Permission denied
find: /proc/5711/task: Permission denied
find: /proc/5711/fd: Permission denied
find: /proc/5712/task: Permission denied
find: /proc/5712/fd: Permission denied
find: /proc/5713/task: Permission denied
find: /proc/5713/fd: Permission denied
find: /proc/5714/task: Permission denied
find: /proc/5714/fd: Permission denied
find: /proc/5715/task: Permission denied
find: /proc/5715/fd: Permission denied
find: /proc/5716/task: Permission denied
find: /proc/5716/fd: Permission denied
find: /proc/5717/task: Permission denied
find: /proc/5717/fd: Permission denied
find: /proc/5718/task: Permission denied
find: /proc/5718/fd: Permission denied
find: /proc/5719/task: Permission denied
find: /proc/5719/fd: Permission denied
find: /proc/5720/task: Permission denied
find: /proc/5720/fd: Permission denied
find: /proc/5721/task: Permission denied
find: /proc/5721/fd: Permission denied
find: /proc/5725/task: Permission denied
find: /proc/5725/fd: Permission denied
find: /proc/5735/task: Permission denied
find: /proc/5735/fd: Permission denied
find: /proc/5741/task: Permission denied
find: /proc/5741/fd: Permission denied
find: /proc/5798/task: Permission denied
find: /proc/5798/fd: Permission denied
find: /proc/5800/task: Permission denied
find: /proc/5800/fd: Permission denied
find: /proc/5814/task: Permission denied
find: /proc/5814/fd: Permission denied
find: /proc/5816/task: Permission denied
find: /proc/5816/fd: Permission denied
find: /proc/5848/task: Permission denied
find: /proc/5848/fd: Permission denied
find: /proc/5863/task: Permission denied
find: /proc/5863/fd: Permission denied
find: /proc/5865/task: Permission denied
find: /proc/5865/fd: Permission denied
find: /proc/5872/task: Permission denied
find: /proc/5872/fd: Permission denied
find: /proc/5881/task: Permission denied
find: /proc/5881/fd: Permission denied
find: /proc/5994/task: Permission denied
find: /proc/5994/fd: Permission denied
find: /proc/6031/task: Permission denied
find: /proc/6031/fd: Permission denied
find: /proc/6081/task: Permission denied
find: /proc/6081/fd: Permission denied
find: /proc/6095/task: Permission denied
find: /proc/6095/fd: Permission denied
find: /proc/6121/task: Permission denied
find: /proc/6121/fd: Permission denied
find: /proc/6145/task: Permission denied
find: /proc/6145/fd: Permission denied
find: /proc/6146/task: Permission denied
find: /proc/6146/fd: Permission denied
find: /proc/6147/task: Permission denied
find: /proc/6147/fd: Permission denied
find: /proc/6148/task: Permission denied
find: /proc/6148/fd: Permission denied
find: /proc/6149/task: Permission denied
find: /proc/6149/fd: Permission denied
find: /proc/6151/task: Permission denied
find: /proc/6151/fd: Permission denied
find: /proc/6152/task: Permission denied
find: /proc/6152/fd: Permission denied
find: /proc/6155/task: Permission denied
find: /proc/6155/fd: Permission denied
find: /proc/6202/task: Permission denied
find: /proc/6202/fd: Permission denied
find: /proc/6203/task: Permission denied
find: /proc/6203/fd: Permission denied
find: /proc/6204/task: Permission denied
find: /proc/6204/fd: Permission denied
find: /proc/6205/task: Permission denied
find: /proc/6205/fd: Permission denied
find: /proc/6206/task: Permission denied
find: /proc/6206/fd: Permission denied
find: /proc/6207/task: Permission denied
find: /proc/6207/fd: Permission denied
find: /proc/6229/task: Permission denied
find: /proc/6229/fd: Permission denied
find: /proc/6305/task: Permission denied
find: /proc/6305/fd: Permission denied
find: /proc/6308/task: Permission denied
find: /proc/6308/fd: Permission denied
find: /proc/6309/task: Permission denied
find: /proc/6309/fd: Permission denied
find: /proc/6322/task: Permission denied
find: /proc/6322/fd: Permission denied
find: /proc/6323/task: Permission denied
find: /proc/6323/fd: Permission denied
find: /proc/6324/task: Permission denied
find: /proc/6324/fd: Permission denied
find: /proc/6326/task: Permission denied
find: /proc/6326/fd: Permission denied
find: /proc/6328/task: Permission denied
find: /proc/6328/fd: Permission denied
find: /proc/6330/task: Permission denied
find: /proc/6330/fd: Permission denied
find: /proc/6331/task: Permission denied
find: /proc/6331/fd: Permission denied
find: /proc/6332/task: Permission denied
find: /proc/6332/fd: Permission denied
find: /proc/6334/task: Permission denied
find: /proc/6334/fd: Permission denied
find: /proc/6338/task: Permission denied
find: /proc/6338/fd: Permission denied
find: /proc/6340/task: Permission denied
find: /proc/6340/fd: Permission denied
find: /proc/6342/task: Permission denied
find: /proc/6342/fd: Permission denied
find: /proc/6348/task: Permission denied
find: /proc/6348/fd: Permission denied
find: /proc/6350/task: Permission denied
find: /proc/6350/fd: Permission denied
find: /proc/6351/task: Permission denied
find: /proc/6351/fd: Permission denied
find: /proc/6352/task: Permission denied
find: /proc/6352/fd: Permission denied
find: /proc/6353/task: Permission denied
find: /proc/6353/fd: Permission denied
find: /proc/6405/task: Permission denied
find: /proc/6405/fd: Permission denied
find: /proc/6729/task: Permission denied
find: /proc/6729/fd: Permission denied
find: /proc/6730/task: Permission denied
find: /proc/6730/fd: Permission denied
find: /proc/6734/task: Permission denied
find: /proc/6734/fd: Permission denied
find: /proc/6760/task: Permission denied
find: /proc/6760/fd: Permission denied
find: /proc/25620/task: Permission denied
find: /proc/25620/fd: Permission denied
find: /proc/25712/task: Permission denied
find: /proc/25712/fd: Permission denied
find: /proc/25768/task: Permission denied
find: /proc/25768/fd: Permission denied
find: /proc/4321/task: Permission denied
find: /proc/4321/fd: Permission denied
find: /proc/28323/task: Permission denied
find: /proc/28323/fd: Permission denied
find: Cannot read mounted filesystem list
find: Cannot read mounted filesystem list
mv: cannot stat `fai-conf-update': No such file or directory
rm: cannot remove `/make-fai-nfsroot.conf': No such file or directory
rm: cannot remove `/live-include.tgz': No such file or directory
No packages found matching \*.
Get:1 http://security.debian.org etch/updates Release.gpg [189B]
Get:2 http://ftp.debian.org etch Release.gpg [378B]
Get:3 http://security.debian.org etch/updates Release [24.3kB]
Get:4 http://ftp.debian.org etch Release [74.4kB]
Get:5 http://security.debian.org etch/updates/main Packages [6288B]
Get:6 http://ftp.debian.org etch/main Packages [5675kB]
Fetched 5780kB in 49s (117kB/s)
Reading package lists...
Parallel mksquashfs: Using 1 processor
Creating little endian 3.0 filesystem on /root/live-CD/debian-live/binary/casper/filesystem.squashfs, block size 65536.

Little endian filesystem, data block size 65536, compressed data, compressed metadata, compressed fragments
Filesystem size 682363.24 Kbytes (666.37 Mbytes)
	79.96% of uncompressed filesystem size (853368.42 Kbytes)
Inode table size 263731 bytes (257.55 Kbytes)
	30.40% of uncompressed inode table size (867677 bytes)
Directory table size 241128 bytes (235.48 Kbytes)
	52.98% of uncompressed directory table size (455095 bytes)
Number of duplicate files found 1460
Number of inodes 26291
Number of files 15201
Number of fragments 1648
Number of symbolic links  1733
Number of device nodes 5351
Number of fifo nodes 1
Number of socket nodes 0
Number of directories 4005
Number of uids 3
	root (0)
	man (6)
	news (9)
Number of gids 17
	video (44)
	disk (6)
	audio (29)
	cdrom (24)
	tty (5)
	floppy (25)
	dialout (20)
	kmem (15)
	lp (7)
	tape (26)
	shadow (42)
	crontab (101)
	staff (50)
	src (40)
	root (0)
	mail (8)
	utmp (43)
Get:1 http://127.0.0.1 etch Release.gpg [378B]
Get:2 http://127.0.0.1 etch/updates Release.gpg [189B]
Get:3 http://127.0.0.1 etch Release [74.4kB]
Get:4 http://127.0.0.1 etch/updates Release [24.3kB]
Get:5 http://127.0.0.1 etch/main Packages [5675kB]
Get:6 http://127.0.0.1 etch/updates/main Packages [6288B]
Fetched 5780kB in 5s (1128kB/s)
Reading package lists...
Reading package lists...
Building dependency tree...
Reading extended state information...
Initializing package states...
Reading task descriptions...
Building tag database...
The following NEW packages will be installed:
  syslinux 
The following packages are RECOMMENDED but will NOT be installed:
  mtools 
0 packages upgraded, 1 newly installed, 0 to remove and 0 not upgraded.
Need to get 215kB of archives. After unpacking 451kB will be used.
Writing extended state information...
Get:1 http://127.0.0.1 etch/main syslinux 3.31-1 [215kB]
Fetched 215kB in 0s (1335kB/s)
Selecting previously deselected package syslinux.
(Reading database ... 15028 files and directories currently installed.)
Unpacking syslinux (from .../syslinux_3.31-1_i386.deb) ...
Setting up syslinux (3.31-1) ...
Reading package lists...
Building dependency tree...
Reading extended state information...
Initializing package states...
Reading task descriptions...
Building tag database...
The following packages will be REMOVED:
  syslinux{p} 
0 packages upgraded, 0 newly installed, 1 to remove and 0 not upgraded.
Need to get 0B of archives. After unpacking 451kB will be freed.
Writing extended state information...
(Reading database ... 15072 files and directories currently installed.)
Removing syslinux ...
Reading package lists...
Building dependency tree...
Reading extended state information...
Initializing package states...
Reading task descriptions...
Building tag database...
The following NEW packages will be installed:
  memtest86+ 
0 packages upgraded, 1 newly installed, 0 to remove and 0 not upgraded.
Need to get 60.8kB of archives. After unpacking 205kB will be used.
Writing extended state information...
Get:1 http://127.0.0.1 etch/main memtest86+ 1.65-1 [60.8kB]
Fetched 60.8kB in 0s (827kB/s)
Selecting previously deselected package memtest86+.
(Reading database ... 15028 files and directories currently installed.)
Unpacking memtest86+ (from .../memtest86+_1.65-1_i386.deb) ...
Setting up memtest86+ (1.65-1) ...

Reading package lists...
Building dependency tree...
Reading extended state information...
Initializing package states...
Reading task descriptions...
Building tag database...
The following packages will be REMOVED:
  memtest86+{p} 
0 packages upgraded, 0 newly installed, 1 to remove and 0 not upgraded.
Need to get 0B of archives. After unpacking 205kB will be freed.
Writing extended state information...
(Reading database ... 15041 files and directories currently installed.)
Removing memtest86+ ...
I: -input-charset not specified, using UTF-8 (detected in locale settings)
Size of boot image is 4 sectors -> No emulation
  1.45% done, estimate finish Thu Dec 14 13:47:58 2006
  2.90% done, estimate finish Thu Dec 14 13:48:32 2006
  4.35% done, estimate finish Thu Dec 14 13:48:44 2006
  5.79% done, estimate finish Thu Dec 14 13:48:32 2006
  7.24% done, estimate finish Thu Dec 14 13:48:39 2006
  8.69% done, estimate finish Thu Dec 14 13:48:32 2006
 10.14% done, estimate finish Thu Dec 14 13:48:37 2006
 11.58% done, estimate finish Thu Dec 14 13:48:32 2006
 13.03% done, estimate finish Thu Dec 14 13:48:36 2006
 14.48% done, estimate finish Thu Dec 14 13:48:46 2006
 15.93% done, estimate finish Thu Dec 14 13:48:41 2006
 17.37% done, estimate finish Thu Dec 14 13:48:44 2006
 18.82% done, estimate finish Thu Dec 14 13:48:45 2006
 20.27% done, estimate finish Thu Dec 14 13:48:47 2006
 21.72% done, estimate finish Thu Dec 14 13:48:48 2006
 23.17% done, estimate finish Thu Dec 14 13:48:49 2006
 24.62% done, estimate finish Thu Dec 14 13:48:50 2006
 26.06% done, estimate finish Thu Dec 14 13:48:59 2006
 27.51% done, estimate finish Thu Dec 14 13:49:03 2006
 28.96% done, estimate finish Thu Dec 14 13:49:10 2006
 30.41% done, estimate finish Thu Dec 14 13:49:07 2006
 31.85% done, estimate finish Thu Dec 14 13:49:07 2006
 33.30% done, estimate finish Thu Dec 14 13:49:13 2006
 34.75% done, estimate finish Thu Dec 14 13:49:12 2006
 36.20% done, estimate finish Thu Dec 14 13:49:12 2006
 37.64% done, estimate finish Thu Dec 14 13:49:12 2006
 39.09% done, estimate finish Thu Dec 14 13:49:09 2006
 40.54% done, estimate finish Thu Dec 14 13:49:09 2006
 41.99% done, estimate finish Thu Dec 14 13:49:09 2006
 43.44% done, estimate finish Thu Dec 14 13:49:11 2006
 44.89% done, estimate finish Thu Dec 14 13:49:15 2006
 46.33% done, estimate finish Thu Dec 14 13:49:17 2006
 47.78% done, estimate finish Thu Dec 14 13:49:17 2006
 49.23% done, estimate finish Thu Dec 14 13:49:19 2006
 50.68% done, estimate finish Thu Dec 14 13:49:18 2006
 52.12% done, estimate finish Thu Dec 14 13:49:16 2006
 53.57% done, estimate finish Thu Dec 14 13:49:18 2006
 55.02% done, estimate finish Thu Dec 14 13:49:16 2006
 56.47% done, estimate finish Thu Dec 14 13:49:15 2006
 57.91% done, estimate finish Thu Dec 14 13:49:15 2006
 59.36% done, estimate finish Thu Dec 14 13:49:18 2006
 60.81% done, estimate finish Thu Dec 14 13:49:20 2006
 62.26% done, estimate finish Thu Dec 14 13:49:19 2006
 63.71% done, estimate finish Thu Dec 14 13:49:18 2006
 65.16% done, estimate finish Thu Dec 14 13:49:17 2006
 66.60% done, estimate finish Thu Dec 14 13:49:19 2006
 68.05% done, estimate finish Thu Dec 14 13:49:21 2006
 69.50% done, estimate finish Thu Dec 14 13:49:24 2006
 70.95% done, estimate finish Thu Dec 14 13:49:25 2006
 72.39% done, estimate finish Thu Dec 14 13:49:25 2006
 73.84% done, estimate finish Thu Dec 14 13:49:24 2006
 75.29% done, estimate finish Thu Dec 14 13:49:25 2006
 76.74% done, estimate finish Thu Dec 14 13:49:25 2006
 78.18% done, estimate finish Thu Dec 14 13:49:24 2006
 79.63% done, estimate finish Thu Dec 14 13:49:24 2006
 81.08% done, estimate finish Thu Dec 14 13:49:24 2006
 82.53% done, estimate finish Thu Dec 14 13:49:22 2006
 83.98% done, estimate finish Thu Dec 14 13:49:23 2006
 85.43% done, estimate finish Thu Dec 14 13:49:23 2006
 86.87% done, estimate finish Thu Dec 14 13:49:24 2006
 88.32% done, estimate finish Thu Dec 14 13:49:24 2006
 89.77% done, estimate finish Thu Dec 14 13:49:24 2006
 91.22% done, estimate finish Thu Dec 14 13:49:25 2006
 92.66% done, estimate finish Thu Dec 14 13:49:26 2006
 94.11% done, estimate finish Thu Dec 14 13:49:27 2006
 95.56% done, estimate finish Thu Dec 14 13:49:25 2006
 97.01% done, estimate finish Thu Dec 14 13:49:27 2006
 98.45% done, estimate finish Thu Dec 14 13:49:28 2006
 99.90% done, estimate finish Thu Dec 14 13:49:32 2006
Total translation table size: 2048
Total rockridge attributes bytes: 11287
Total directory bytes: 24576
Path table size(bytes): 114
Max brk space used 21000
345338 extents written (674 MB)
